# JRE version: OpenJDK Runtime Environment (8.0_112-b06) (build 1.8.0_112-release-b06)
# Java VM: OpenJDK 64-Bit Server VM (25.112-b06 mixed mode windows-amd64 compressed oops)
Heap:
 PSYoungGen      total 206848K, used 4839K [0x00000000e0000000, 0x00000000ee500000, 0x0000000100000000)
  eden space 186368K, 0% used [0x00000000e0000000,0x00000000e0000000,0x00000000eb600000)
  from space 20480K, 23% used [0x00000000eca00000,0x00000000eceb9e90,0x00000000ede00000)
  to   space 20480K, 0% used [0x00000000eb600000,0x00000000eb600000,0x00000000eca00000)
 ParOldGen       total 96768K, used 47353K [0x00000000a0000000, 0x00000000a5e80000, 0x00000000e0000000)
  object space 96768K, 48% used [0x00000000a0000000,0x00000000a2e3e630,0x00000000a5e80000)
 Metaspace       used 56609K, capacity 58894K, committed 58968K, reserved 1099776K
  class space    used 7691K, capacity 8206K, committed 8280K, reserved 1048576K
GC Heap History (10 events):
Event: 14.298 GC heap after
Heap after GC invocations=12 (full 2):
 PSYoungGen      total 108032K, used 10453K [0x00000000e0000000, 0x00000000e7b00000, 0x0000000100000000)
  eden space 96256K, 0% used [0x00000000e0000000,0x00000000e0000000,0x00000000e5e00000)
  from space 11776K, 88% used [0x00000000e6a80000,0x00000000e74b5410,0x00000000e7600000)
  to   space 12800K, 0% used [0x00000000e5e00000,0x00000000e5e00000,0x00000000e6a80000)
 ParOldGen       total 96768K, used 17184K [0x00000000a0000000, 0x00000000a5e80000, 0x00000000e0000000)
  object space 96768K, 17% used [0x00000000a0000000,0x00000000a10c8098,0x00000000a5e80000)
 Metaspace       used 43194K, capacity 44134K, committed 44248K, reserved 1087488K
  class space    used 5797K, capacity 6045K, committed 6104K, reserved 1048576K
}
Event: 14.698 GC heap before
{Heap before GC invocations=13 (full 2):
 PSYoungGen      total 108032K, used 106709K [0x00000000e0000000, 0x00000000e7b00000, 0x0000000100000000)
  eden space 96256K, 100% used [0x00000000e0000000,0x00000000e5e00000,0x00000000e5e00000)
  from space 11776K, 88% used [0x00000000e6a80000,0x00000000e74b5410,0x00000000e7600000)
  to   space 12800K, 0% used [0x00000000e5e00000,0x00000000e5e00000,0x00000000e6a80000)
 ParOldGen       total 96768K, used 17184K [0x00000000a0000000, 0x00000000a5e80000, 0x00000000e0000000)
  object space 96768K, 17% used [0x00000000a0000000,0x00000000a10c8098,0x00000000a5e80000)
 Metaspace       used 43653K, capacity 44582K, committed 44760K, reserved 1087488K
  class space    used 5828K, capacity 6061K, committed 6104K, reserved 1048576K
Event: 14.709 GC heap after
Heap after GC invocations=13 (full 2):
 PSYoungGen      total 109056K, used 12015K [0x00000000e0000000, 0x00000000e9e80000, 0x0000000100000000)
  eden space 96256K, 0% used [0x00000000e0000000,0x00000000e0000000,0x00000000e5e00000)
  from space 12800K, 93% used [0x00000000e5e00000,0x00000000e69bbe10,0x00000000e6a80000)
  to   space 13824K, 0% used [0x00000000e9100000,0x00000000e9100000,0x00000000e9e80000)
 ParOldGen       total 96768K, used 17192K [0x00000000a0000000, 0x00000000a5e80000, 0x00000000e0000000)
  object space 96768K, 17% used [0x00000000a0000000,0x00000000a10ca098,0x00000000a5e80000)
 Metaspace       used 43653K, capacity 44582K, committed 44760K, reserved 1087488K
  class space    used 5828K, capacity 6061K, committed 6104K, reserved 1048576K
}
Event: 17.425 GC heap before
{Heap before GC invocations=14 (full 2):
 PSYoungGen      total 109056K, used 108271K [0x00000000e0000000, 0x00000000e9e80000, 0x0000000100000000)
  eden space 96256K, 100% used [0x00000000e0000000,0x00000000e5e00000,0x00000000e5e00000)
  from space 12800K, 93% used [0x00000000e5e00000,0x00000000e69bbe10,0x00000000e6a80000)
  to   space 13824K, 0% used [0x00000000e9100000,0x00000000e9100000,0x00000000e9e80000)
 ParOldGen       total 96768K, used 17192K [0x00000000a0000000, 0x00000000a5e80000, 0x00000000e0000000)
  object space 96768K, 17% used [0x00000000a0000000,0x00000000a10ca098,0x00000000a5e80000)
 Metaspace       used 49999K, capacity 51376K, committed 51672K, reserved 1093632K
  class space    used 6723K, capacity 7036K, committed 7128K, reserved 1048576K
Event: 17.442 GC heap after
Heap after GC invocations=14 (full 2):
 PSYoungGen      total 146944K, used 13031K [0x00000000e0000000, 0x00000000e9f00000, 0x0000000100000000)
  eden space 133120K, 0% used [0x00000000e0000000,0x00000000e0000000,0x00000000e8200000)
  from space 13824K, 94% used [0x00000000e9100000,0x00000000e9db9eb0,0x00000000e9e80000)
  to   space 14848K, 0% used [0x00000000e8200000,0x00000000e8200000,0x00000000e9080000)
 ParOldGen       total 96768K, used 22658K [0x00000000a0000000, 0x00000000a5e80000, 0x00000000e0000000)
  object space 96768K, 23% used [0x00000000a0000000,0x00000000a1620b50,0x00000000a5e80000)
 Metaspace       used 49999K, capacity 51376K, committed 51672K, reserved 1093632K
  class space    used 6723K, capacity 7036K, committed 7128K, reserved 1048576K
}
Event: 18.653 GC heap before
{Heap before GC invocations=15 (full 2):
 PSYoungGen      total 146944K, used 146151K [0x00000000e0000000, 0x00000000e9f00000, 0x0000000100000000)
  eden space 133120K, 100% used [0x00000000e0000000,0x00000000e8200000,0x00000000e8200000)
  from space 13824K, 94% used [0x00000000e9100000,0x00000000e9db9eb0,0x00000000e9e80000)
  to   space 14848K, 0% used [0x00000000e8200000,0x00000000e8200000,0x00000000e9080000)
 ParOldGen       total 96768K, used 22658K [0x00000000a0000000, 0x00000000a5e80000, 0x00000000e0000000)
  object space 96768K, 23% used [0x00000000a0000000,0x00000000a1620b50,0x00000000a5e80000)
 Metaspace       used 54121K, capacity 56038K, committed 56280K, reserved 1097728K
  class space    used 7401K, capacity 7854K, committed 7896K, reserved 1048576K
Event: 18.674 GC heap after
Heap after GC invocations=15 (full 2):
 PSYoungGen      total 147968K, used 14816K [0x00000000e0000000, 0x00000000ede00000, 0x0000000100000000)
  eden space 133120K, 0% used [0x00000000e0000000,0x00000000e0000000,0x00000000e8200000)
  from space 14848K, 99% used [0x00000000e8200000,0x00000000e9078020,0x00000000e9080000)
  to   space 20480K, 0% used [0x00000000eca00000,0x00000000eca00000,0x00000000ede00000)
 ParOldGen       total 96768K, used 32621K [0x00000000a0000000, 0x00000000a5e80000, 0x00000000e0000000)
  object space 96768K, 33% used [0x00000000a0000000,0x00000000a1fdb538,0x00000000a5e80000)
 Metaspace       used 54121K, capacity 56038K, committed 56280K, reserved 1097728K
  class space    used 7401K, capacity 7854K, committed 7896K, reserved 1048576K
}
Event: 19.047 GC heap before
{Heap before GC invocations=16 (full 2):
 PSYoungGen      total 147968K, used 46221K [0x00000000e0000000, 0x00000000ede00000, 0x0000000100000000)
  eden space 133120K, 23% used [0x00000000e0000000,0x00000000e1eab5f8,0x00000000e8200000)
  from space 14848K, 99% used [0x00000000e8200000,0x00000000e9078020,0x00000000e9080000)
  to   space 20480K, 0% used [0x00000000eca00000,0x00000000eca00000,0x00000000ede00000)
 ParOldGen       total 96768K, used 32621K [0x00000000a0000000, 0x00000000a5e80000, 0x00000000e0000000)
  object space 96768K, 33% used [0x00000000a0000000,0x00000000a1fdb538,0x00000000a5e80000)
 Metaspace       used 56609K, capacity 58894K, committed 58968K, reserved 1099776K
  class space    used 7691K, capacity 8206K, committed 8280K, reserved 1048576K
Event: 19.063 GC heap after
Heap after GC invocations=16 (full 2):
 PSYoungGen      total 206848K, used 4839K [0x00000000e0000000, 0x00000000ee500000, 0x0000000100000000)
  eden space 186368K, 0% used [0x00000000e0000000,0x00000000e0000000,0x00000000eb600000)
  from space 20480K, 23% used [0x00000000eca00000,0x00000000eceb9e90,0x00000000ede00000)
  to   space 20480K, 0% used [0x00000000eb600000,0x00000000eb600000,0x00000000eca00000)
 ParOldGen       total 96768K, used 47353K [0x00000000a0000000, 0x00000000a5e80000, 0x00000000e0000000)
  object space 96768K, 48% used [0x00000000a0000000,0x00000000a2e3e630,0x00000000a5e80000)
 Metaspace       used 56609K, capacity 58894K, committed 58968K, reserved 1099776K
  class space    used 7691K, capacity 8206K, committed 8280K, reserved 1048576K
}
Event: 19.063 GC heap before
{Heap before GC invocations=17 (full 3):
 PSYoungGen      total 206848K, used 4839K [0x00000000e0000000, 0x00000000ee500000, 0x0000000100000000)
  eden space 186368K, 0% used [0x00000000e0000000,0x00000000e0000000,0x00000000eb600000)
  from space 20480K, 23% used [0x00000000eca00000,0x00000000eceb9e90,0x00000000ede00000)
  to   space 20480K, 0% used [0x00000000eb600000,0x00000000eb600000,0x00000000eca00000)
 ParOldGen       total 96768K, used 47353K [0x00000000a0000000, 0x00000000a5e80000, 0x00000000e0000000)
  object space 96768K, 48% used [0x00000000a0000000,0x00000000a2e3e630,0x00000000a5e80000)
 Metaspace       used 56609K, capacity 58894K, committed 58968K, reserved 1099776K
  class space    used 7691K, capacity 8206K, committed 8280K, reserved 1048576K

